Mplus VERSION 8.4 (Mac)
MUTHEN & MUTHEN
02/04/2024  12:00 PM

INPUT INSTRUCTIONS

  DATA:
  FILE = "plot_measurament.dat";

  VARIABLE:
  NAMES = spending_extr defence_extr medical_extr garant_inc_extr blacks_extr
       envir_extr affirm_extr V162259 V162260 V162262 V162264 V162265 V162267 V161513
       V161514 V161515 V161516 V162256 V162257 V162215 V162216 V162217 V162218 V160102
       V160201;
   MISSING=.;
   USEVARIABLES = spending_extr
  defence_extr medical_extr
  garant_inc_extr blacks_extr
  envir_extr affirm_extr
  V162259 V162260 V162262
  V162264 V162265 V162267
  V161513 V161514 V161515
  V161516 V162256 V162257
  V162215 V162216 V162217
  V162218 V160102 V160201 ;
  CATEGORICAL = V161513 V161514 V161515 V161516;
  CLUSTER = V160201;
  WEIGHT=V160102;
  ANALYSIS:
  TYPE = COMPLEX;
               PARAMETERIZATION=THETA;
               PROCESSORS = 2;
  MODEL:


    KN BY V161513;
    KN BY V161514;
    KN BY V161515;
    KN BY V161516;

    V161513@1;
    V161514@1;
    V161515@1;
    V161516@1;

    EFFE BY V162215;
    EFFE BY V162216;

    EFFI BY V162217;
    EFFI BY V162218;

    V162216 WITH V162217;

    pol_int BY V162256;
    pol_int BY V162257;

    pop BY V162259;
    pop BY V162260;
    pop BY V162262;
    pop BY V162264;
    pop BY V162265;
    pop BY V162267;

    V162259 WITH V162267;
    V162260 WITH V162264;
    V162262 WITH V162265;

    EXT BY spending_extr;
    EXT BY defence_extr;
    EXT BY medical_extr;
    EXT BY garant_inc_extr;
    EXT BY blacks_extr;
    EXT BY envir_extr;
    EXT BY affirm_extr;


  OUTPUT:
  STANDARDIZED; FSCOEFFICIENT; MODINDICES;
  PLOT:
  TYPE = PLOT2;



*** WARNING in VARIABLE command
  Note that only the first 8 characters of variable names are used in the output.
  Shorten variable names to avoid any confusion.
*** WARNING in PLOT command
  Note that only the first 8 characters of variable names are used in plots.
  If variable names are not unique within the first 8 characters, problems
  may occur.
*** WARNING in OUTPUT command
  FSCOEFFICIENT is not available for analysis with at least one categorical
  dependent variable.  Request for FSCOEFFICIENT is ignored.
*** WARNING
  Data set contains cases with missing on all variables.
  These cases were not included in the analysis.
  Number of cases with missing on all variables:  3
   4 WARNING(S) FOUND IN THE INPUT INSTRUCTIONS




SUMMARY OF ANALYSIS

Number of groups                                                 1
Number of observations                                        4267

Number of dependent variables                                   23
Number of independent variables                                  0
Number of continuous latent variables                            6

Observed dependent variables

  Continuous
   SPENDING_E  DEFENCE_EX  MEDICAL_EX  GARANT_INC  BLACKS_EXT  ENVIR_EXTR
   AFFIRM_EXT  V162259     V162260     V162262     V162264     V162265
   V162267     V162256     V162257     V162215     V162216     V162217
   V162218

  Binary and ordered categorical (ordinal)
   V161513     V161514     V161515     V161516

Continuous latent variables
   KN          EFFE        EFFI        POL_INT     POP         EXT

Variables with special functions

  Cluster variable      V160201
  Weight variable       V160102

Estimator                                                    WLSMV
Maximum number of iterations                                  1000
Convergence criterion                                    0.500D-04
Maximum number of steepest descent iterations                   20
Maximum number of iterations for H1                           2000
Convergence criterion for H1                             0.100D-03
Parameterization                                             THETA
Link                                                        PROBIT

Input data file(s)
  plot_measurament.dat

Input data format  FREE


SUMMARY OF DATA

     Number of missing data patterns           310
     Number of clusters                        132



COVARIANCE COVERAGE OF DATA

Minimum covariance coverage value   0.100


     PROPORTION OF DATA PRESENT


           Covariance Coverage
              SPENDING      DEFENCE_      MEDICAL_      GARANT_I      BLACKS_E
              ________      ________      ________      ________      ________
 SPENDING       0.850
 DEFENCE_       0.787         0.863
 MEDICAL_       0.789         0.802         0.882
 GARANT_I       0.795         0.804         0.820         0.884
 BLACKS_E       0.786         0.795         0.812         0.819         0.880
 ENVIR_EX       0.753         0.767         0.781         0.782         0.776
 AFFIRM_E       0.842         0.856         0.876         0.877         0.873
 V162259        0.730         0.739         0.755         0.759         0.755
 V162260        0.732         0.741         0.757         0.760         0.756
 V162262        0.732         0.741         0.757         0.760         0.757
 V162264        0.731         0.740         0.755         0.760         0.756
 V162265        0.733         0.741         0.757         0.760         0.757
 V162267        0.730         0.739         0.753         0.758         0.754
 V161513        0.819         0.830         0.847         0.851         0.845
 V161514        0.830         0.842         0.861         0.864         0.860
 V161515        0.820         0.831         0.850         0.852         0.847
 V161516        0.819         0.830         0.849         0.851         0.846
 V162256        0.733         0.742         0.757         0.762         0.757
 V162257        0.733         0.742         0.757         0.761         0.757
 V162215        0.733         0.742         0.758         0.761         0.757
 V162216        0.732         0.741         0.757         0.761         0.757
 V162217        0.732         0.742         0.757         0.761         0.757
 V162218        0.733         0.742         0.758         0.762         0.757


           Covariance Coverage
              ENVIR_EX      AFFIRM_E      V162259       V162260       V162262
              ________      ________      ________      ________      ________
 ENVIR_EX       0.831
 AFFIRM_E       0.825         0.989
 V162259        0.711         0.841         0.848
 V162260        0.713         0.843         0.847         0.851
 V162262        0.713         0.843         0.847         0.850         0.851
 V162264        0.712         0.842         0.847         0.848         0.848
 V162265        0.713         0.843         0.848         0.850         0.850
 V162267        0.711         0.841         0.845         0.846         0.846
 V161513        0.800         0.946         0.819         0.821         0.821
 V161514        0.813         0.964         0.834         0.836         0.836
 V161515        0.803         0.950         0.823         0.825         0.825
 V161516        0.802         0.948         0.822         0.824         0.824
 V162256        0.714         0.844         0.848         0.850         0.850
 V162257        0.714         0.844         0.848         0.850         0.850
 V162215        0.714         0.844         0.847         0.850         0.850
 V162216        0.713         0.844         0.847         0.849         0.849
 V162217        0.713         0.843         0.847         0.849         0.849
 V162218        0.714         0.844         0.847         0.850         0.849


           Covariance Coverage
              V162264       V162265       V162267       V161513       V161514
              ________      ________      ________      ________      ________
 V162264        0.849
 V162265        0.849         0.851
 V162267        0.846         0.847         0.847
 V161513        0.820         0.822         0.819         0.954
 V161514        0.835         0.837         0.833         0.948         0.972
 V161515        0.824         0.826         0.822         0.946         0.951
 V161516        0.823         0.825         0.822         0.945         0.950
 V162256        0.849         0.851         0.847         0.823         0.838
 V162257        0.849         0.850         0.847         0.823         0.838
 V162215        0.849         0.850         0.847         0.823         0.837
 V162216        0.848         0.850         0.847         0.822         0.837
 V162217        0.848         0.850         0.846         0.823         0.837
 V162218        0.849         0.850         0.846         0.823         0.837


           Covariance Coverage
              V161515       V161516       V162256       V162257       V162215
              ________      ________      ________      ________      ________
 V161515        0.958
 V161516        0.954         0.956
 V162256        0.827         0.826         0.853
 V162257        0.826         0.826         0.852         0.853
 V162215        0.826         0.825         0.850         0.850         0.852
 V162216        0.825         0.825         0.850         0.850         0.850
 V162217        0.826         0.825         0.850         0.850         0.850
 V162218        0.826         0.826         0.851         0.851         0.850


           Covariance Coverage
              V162216       V162217       V162218
              ________      ________      ________
 V162216        0.851
 V162217        0.850         0.851
 V162218        0.850         0.851         0.852


UNIVARIATE PROPORTIONS AND COUNTS FOR CATEGORICAL VARIABLES

    V161513
      Category 1    0.586         2419.598
      Category 2    0.414         1710.028
    V161514
      Category 1    0.731         3069.602
      Category 2    0.269         1129.350
    V161515
      Category 1    0.278         1151.279
      Category 2    0.722         2996.469
    V161516
      Category 1    0.330         1366.854
      Category 2    0.670         2778.838



UNIVARIATE SAMPLE STATISTICS


     UNIVARIATE HIGHER-ORDER MOMENT DESCRIPTIVE STATISTICS

         Variable/         Mean/     Skewness/   Minimum/ % with                Percentiles
        Sample Size      Variance    Kurtosis    Maximum  Min/Max      20%/60%    40%/80%    Median

     SPENDING_EXTR         1.366       0.224       0.000   25.03%       0.000      1.000      1.000
            3627.000       1.121      -1.165       3.000   18.56%       2.000      2.000
     DEFENCE_EXTR          1.315       0.258       0.000   27.37%       0.000      1.000      1.000
            3683.000       1.106      -1.135       3.000   17.21%       2.000      2.000
     MEDICAL_EXTR          1.719      -0.244       0.000   19.79%       1.000      1.000      2.000
            3765.000       1.272      -1.346       3.000   33.57%       2.000      3.000
     GARANT_INC_EXTR       1.505       0.050       0.000   21.84%       0.000      1.000      1.000
            3773.000       1.147      -1.249       3.000   22.93%       2.000      3.000
     BLACKS_EXTR           1.626      -0.152       0.000   23.29%       0.000      1.000      2.000
            3753.000       1.308      -1.400       3.000   29.52%       2.000      3.000
     ENVIR_EXTR            1.677      -0.187       0.000   18.72%       1.000      1.000      2.000
            3547.000       1.236      -1.328       3.000   30.45%       2.000      3.000
     AFFIRM_EXTR           1.541      -0.129       0.000   36.91%       0.000      1.000      2.000
            4221.000       1.673      -1.695       3.000   34.21%       2.000      3.000
     V162259               1.987      -0.176       0.000   13.18%       1.000      2.000      2.000
            3620.000       1.218      -0.731       4.000    6.60%       2.000      3.000
     V162260               2.311      -0.256       0.000    5.15%       1.000      2.000      2.000
            3631.000       1.192      -0.842       4.000   11.95%       3.000      3.000
     V162262               2.256      -0.232       0.000    6.58%       1.000      2.000      2.000
            3630.000       1.139      -0.564       4.000   10.91%       3.000      3.000
     V162264               2.475      -0.422       0.000    5.55%       1.000      2.000      3.000
            3624.000       1.267      -0.638       4.000   19.29%       3.000      3.000
     V162265               2.588      -0.566       0.000    3.66%       2.000      3.000      3.000
            3632.000       1.081      -0.360       4.000   16.80%       3.000      3.000
     V162267               1.647       0.183       0.000   22.40%       0.000      1.000      2.000
            3616.000       1.427      -0.906       4.000    6.91%       2.000      3.000
     V162256               1.807      -0.442       0.000    8.03%       1.000      2.000      2.000
            3638.000       0.742      -0.373       3.000   22.37%       2.000      3.000
     V162257               1.757      -0.222       0.000    6.29%       1.000      2.000      2.000
            3638.000       0.677      -0.492       3.000   18.99%       2.000      2.000
     V162215               2.408       0.508       1.000   21.00%       1.000      2.000      2.000
            3634.000       1.170      -0.466       5.000    3.58%       3.000      3.000
     V162216               2.712       0.240       1.000   17.04%       2.000      2.000      2.000
            3633.000       1.516      -1.054       5.000    8.29%       3.000      4.000
     V162217               3.174      -0.195       1.000    5.59%       2.000      3.000      3.000
            3633.000       1.094      -0.715       5.000    9.06%       4.000      4.000
     V162218               2.078       0.006       0.000    5.17%       1.000      2.000      2.000
            3635.000       0.916      -0.107       4.000    7.87%       2.000      3.000


THE MODEL ESTIMATION TERMINATED NORMALLY



MODEL FIT INFORMATION

Number of Free Parameters                       84

Chi-Square Test of Model Fit

          Value                           1139.891*
          Degrees of Freedom                   211
          P-Value                           0.0000

*   The chi-square value for MLM, MLMV, MLR, ULSMV, WLSM and WLSMV cannot be used
    for chi-square difference testing in the regular way.  MLM, MLR and WLSM
    chi-square difference testing is described on the Mplus website.  MLMV, WLSMV,
    and ULSMV difference testing is done using the DIFFTEST option.

RMSEA (Root Mean Square Error Of Approximation)

          Estimate                           0.032
          90 Percent C.I.                    0.030  0.034
          Probability RMSEA <= .05           1.000

CFI/TLI

          CFI                                0.817
          TLI                                0.780

Chi-Square Test of Model Fit for the Baseline Model

          Value                           5322.169
          Degrees of Freedom                   253
          P-Value                           0.0000

SRMR (Standardized Root Mean Square Residual)

          Value                              0.051

Optimum Function Value for Weighted Least-Squares Estimator

          Value                     0.17167596D+00



MODEL RESULTS

                                                    Two-Tailed
                    Estimate       S.E.  Est./S.E.    P-Value

 KN       BY
    V161513            1.000      0.000    999.000    999.000
    V161514            0.744      0.103      7.261      0.000
    V161515            0.905      0.116      7.827      0.000
    V161516            0.746      0.099      7.566      0.000

 EFFE     BY
    V162215            1.000      0.000    999.000    999.000
    V162216            1.137      0.064     17.679      0.000

 EFFI     BY
    V162217            1.000      0.000    999.000    999.000
    V162218            1.010      0.063     15.974      0.000

 POL_INT  BY
    V162256            1.000      0.000    999.000    999.000
    V162257            0.926      0.034     27.237      0.000

 POP      BY
    V162259            1.000      0.000    999.000    999.000
    V162260            1.794      0.104     17.173      0.000
    V162262            1.359      0.089     15.273      0.000
    V162264            0.989      0.078     12.645      0.000
    V162265            1.437      0.097     14.856      0.000
    V162267            0.591      0.065      9.088      0.000

 EXT      BY
    SPENDING_E         1.000      0.000    999.000    999.000
    DEFENCE_EX         0.732      0.065     11.269      0.000
    MEDICAL_EX         1.016      0.079     12.894      0.000
    GARANT_INC         1.046      0.080     13.073      0.000
    BLACKS_EXT         1.012      0.078     12.938      0.000
    ENVIR_EXTR         0.605      0.058     10.451      0.000
    AFFIRM_EXT         0.731      0.084      8.676      0.000

 EFFE     WITH
    KN                 0.042      0.019      2.179      0.029

 EFFI     WITH
    KN                 0.246      0.029      8.455      0.000
    EFFE               0.056      0.016      3.546      0.000

 POL_INT  WITH
    KN                 0.272      0.029      9.286      0.000
    EFFE               0.077      0.016      4.803      0.000
    EFFI               0.315      0.019     16.675      0.000

 POP      WITH
    KN                -0.073      0.015     -4.909      0.000
    EFFE              -0.227      0.018    -12.621      0.000
    EFFI              -0.051      0.010     -5.255      0.000
    POL_INT           -0.044      0.009     -4.888      0.000

 EXT      WITH
    KN                 0.036      0.017      2.093      0.036
    EFFE              -0.045      0.014     -3.248      0.001
    EFFI               0.076      0.013      5.744      0.000
    POL_INT            0.083      0.013      6.245      0.000
    POP                0.037      0.008      4.729      0.000

 V162216  WITH
    V162217            0.275      0.024     11.243      0.000

 V162259  WITH
    V162267            0.224      0.021     10.909      0.000

 V162260  WITH
    V162264           -0.076      0.019     -3.992      0.000

 V162262  WITH
    V162265            0.045      0.018      2.472      0.013

 Intercepts
    SPENDING_E         1.366      0.024     56.239      0.000
    DEFENCE_EX         1.315      0.024     55.944      0.000
    MEDICAL_EX         1.719      0.030     57.492      0.000
    GARANT_INC         1.505      0.022     68.217      0.000
    BLACKS_EXT         1.626      0.025     65.646      0.000
    ENVIR_EXTR         1.677      0.027     62.697      0.000
    AFFIRM_EXT         1.541      0.028     55.365      0.000
    V162259            1.987      0.027     73.313      0.000
    V162260            2.311      0.021    110.498      0.000
    V162262            2.256      0.023     96.236      0.000
    V162264            2.475      0.024    101.790      0.000
    V162265            2.588      0.023    111.493      0.000
    V162267            1.647      0.028     59.479      0.000
    V162256            1.807      0.019     94.317      0.000
    V162257            1.757      0.016    107.593      0.000
    V162215            2.408      0.024    101.445      0.000
    V162216            2.712      0.025    110.278      0.000
    V162217            3.174      0.022    146.301      0.000
    V162218            2.078      0.021     99.001      0.000

 Thresholds
    V161513$1          0.271      0.050      5.415      0.000
    V161514$1          0.706      0.039     17.929      0.000
    V161515$1         -0.713      0.035    -20.416      0.000
    V161516$1         -0.505      0.029    -17.579      0.000

 Variances
    KN                 0.564      0.107      5.281      0.000
    EFFE               0.643      0.053     12.076      0.000
    EFFI               0.290      0.027     10.798      0.000
    POL_INT            0.549      0.028     19.831      0.000
    POP                0.209      0.023      8.996      0.000
    EXT                0.358      0.040      8.837      0.000

 Residual Variances
    SPENDING_E         0.763      0.036     21.210      0.000
    DEFENCE_EX         0.915      0.038     23.962      0.000
    MEDICAL_EX         0.903      0.042     21.426      0.000
    GARANT_INC         0.756      0.032     23.810      0.000
    BLACKS_EXT         0.942      0.042     22.204      0.000
    ENVIR_EXTR         1.105      0.050     22.043      0.000
    AFFIRM_EXT         1.482      0.096     15.389      0.000
    V162259            1.009      0.035     28.635      0.000
    V162260            0.519      0.026     20.016      0.000
    V162262            0.753      0.027     27.417      0.000
    V162264            1.063      0.037     28.769      0.000
    V162265            0.649      0.025     25.498      0.000
    V162267            1.354      0.052     25.866      0.000
    V161513            1.000      0.000    999.000    999.000
    V161514            1.000      0.000    999.000    999.000
    V161515            1.000      0.000    999.000    999.000
    V161516            1.000      0.000    999.000    999.000
    V162256            0.193      0.015     12.559      0.000
    V162257            0.207      0.013     15.835      0.000
    V162215            0.527      0.029     18.185      0.000
    V162216            0.686      0.037     18.707      0.000
    V162217            0.804      0.028     29.074      0.000
    V162218            0.621      0.022     28.802      0.000


STANDARDIZED MODEL RESULTS


STDYX Standardization

                                                    Two-Tailed
                    Estimate       S.E.  Est./S.E.    P-Value

 KN       BY
    V161513            0.601      0.036     16.519      0.000
    V161514            0.488      0.036     13.544      0.000
    V161515            0.562      0.033     17.222      0.000
    V161516            0.489      0.032     15.152      0.000

 EFFE     BY
    V162215            0.741      0.020     37.062      0.000
    V162216            0.740      0.018     40.934      0.000

 EFFI     BY
    V162217            0.515      0.019     26.465      0.000
    V162218            0.568      0.019     30.424      0.000

 POL_INT  BY
    V162256            0.860      0.013     66.749      0.000
    V162257            0.833      0.013     66.571      0.000

 POP      BY
    V162259            0.414      0.018     22.435      0.000
    V162260            0.751      0.016     46.058      0.000
    V162262            0.582      0.019     30.036      0.000
    V162264            0.402      0.021     19.033      0.000
    V162265            0.632      0.018     34.221      0.000
    V162267            0.226      0.022     10.111      0.000

 EXT      BY
    SPENDING_E         0.565      0.025     22.819      0.000
    DEFENCE_EX         0.416      0.025     16.961      0.000
    MEDICAL_EX         0.539      0.025     21.989      0.000
    GARANT_INC         0.584      0.023     25.166      0.000
    BLACKS_EXT         0.529      0.024     22.291      0.000
    ENVIR_EXTR         0.326      0.026     12.571      0.000
    AFFIRM_EXT         0.338      0.025     13.538      0.000

 EFFE     WITH
    KN                 0.069      0.033      2.099      0.036

 EFFI     WITH
    KN                 0.609      0.038     16.235      0.000
    EFFE               0.129      0.036      3.580      0.000

 POL_INT  WITH
    KN                 0.489      0.028     17.589      0.000
    EFFE               0.129      0.028      4.676      0.000
    EFFI               0.791      0.024     33.228      0.000

 POP      WITH
    KN                -0.212      0.038     -5.611      0.000
    EFFE              -0.619      0.021    -29.483      0.000
    EFFI              -0.207      0.033     -6.219      0.000
    POL_INT           -0.131      0.024     -5.359      0.000

 EXT      WITH
    KN                 0.080      0.037      2.173      0.030
    EFFE              -0.094      0.028     -3.293      0.001
    EFFI               0.237      0.036      6.656      0.000
    POL_INT            0.187      0.027      6.933      0.000
    POP                0.135      0.025      5.330      0.000

 V162216  WITH
    V162217            0.370      0.032     11.594      0.000

 V162259  WITH
    V162267            0.192      0.016     11.925      0.000

 V162260  WITH
    V162264           -0.102      0.027     -3.755      0.000

 V162262  WITH
    V162265            0.064      0.025      2.605      0.009

 Intercepts
    SPENDING_E         1.290      0.040     32.648      0.000
    DEFENCE_EX         1.250      0.038     33.167      0.000
    MEDICAL_EX         1.524      0.038     40.148      0.000
    GARANT_INC         1.406      0.038     37.233      0.000
    BLACKS_EXT         1.422      0.043     33.214      0.000
    ENVIR_EXTR         1.509      0.035     43.170      0.000
    AFFIRM_EXT         1.191      0.045     26.399      0.000
    V162259            1.801      0.039     45.729      0.000
    V162260            2.117      0.040     52.504      0.000
    V162262            2.114      0.039     53.767      0.000
    V162264            2.199      0.038     58.023      0.000
    V162265            2.489      0.033     74.316      0.000
    V162267            1.379      0.041     33.894      0.000
    V162256            2.098      0.034     62.600      0.000
    V162257            2.135      0.037     56.964      0.000
    V162215            2.226      0.057     38.768      0.000
    V162216            2.202      0.051     43.487      0.000
    V162217            3.034      0.051     59.053      0.000
    V162218            2.171      0.043     50.930      0.000

 Thresholds
    V161513$1          0.217      0.038      5.715      0.000
    V161514$1          0.616      0.030     20.609      0.000
    V161515$1         -0.590      0.026    -22.634      0.000
    V161516$1         -0.441      0.025    -17.569      0.000

 Variances
    KN                 1.000      0.000    999.000    999.000
    EFFE               1.000      0.000    999.000    999.000
    EFFI               1.000      0.000    999.000    999.000
    POL_INT            1.000      0.000    999.000    999.000
    POP                1.000      0.000    999.000    999.000
    EXT                1.000      0.000    999.000    999.000

 Residual Variances
    SPENDING_E         0.681      0.028     24.340      0.000
    DEFENCE_EX         0.827      0.020     40.504      0.000
    MEDICAL_EX         0.710      0.026     26.877      0.000
    GARANT_INC         0.659      0.027     24.313      0.000
    BLACKS_EXT         0.720      0.025     28.620      0.000
    ENVIR_EXTR         0.894      0.017     52.954      0.000
    AFFIRM_EXT         0.886      0.017     52.424      0.000
    V162259            0.828      0.015     54.122      0.000
    V162260            0.435      0.025     17.751      0.000
    V162262            0.661      0.023     29.288      0.000
    V162264            0.839      0.017     49.474      0.000
    V162265            0.601      0.023     25.724      0.000
    V162267            0.949      0.010     93.572      0.000
    V161513            0.639      0.044     14.644      0.000
    V161514            0.762      0.035     21.661      0.000
    V161515            0.684      0.037     18.652      0.000
    V161516            0.761      0.032     24.146      0.000
    V162256            0.261      0.022     11.761      0.000
    V162257            0.306      0.021     14.656      0.000
    V162215            0.451      0.030     15.200      0.000
    V162216            0.452      0.027     16.898      0.000
    V162217            0.735      0.020     36.728      0.000
    V162218            0.677      0.021     31.937      0.000


STDY Standardization

                                                    Two-Tailed
                    Estimate       S.E.  Est./S.E.    P-Value

 KN       BY
    V161513            0.601      0.036     16.519      0.000
    V161514            0.488      0.036     13.544      0.000
    V161515            0.562      0.033     17.222      0.000
    V161516            0.489      0.032     15.152      0.000

 EFFE     BY
    V162215            0.741      0.020     37.062      0.000
    V162216            0.740      0.018     40.934      0.000

 EFFI     BY
    V162217            0.515      0.019     26.465      0.000
    V162218            0.568      0.019     30.424      0.000

 POL_INT  BY
    V162256            0.860      0.013     66.749      0.000
    V162257            0.833      0.013     66.571      0.000

 POP      BY
    V162259            0.414      0.018     22.435      0.000
    V162260            0.751      0.016     46.058      0.000
    V162262            0.582      0.019     30.036      0.000
    V162264            0.402      0.021     19.033      0.000
    V162265            0.632      0.018     34.221      0.000
    V162267            0.226      0.022     10.111      0.000

 EXT      BY
    SPENDING_E         0.565      0.025     22.819      0.000
    DEFENCE_EX         0.416      0.025     16.961      0.000
    MEDICAL_EX         0.539      0.025     21.989      0.000
    GARANT_INC         0.584      0.023     25.166      0.000
    BLACKS_EXT         0.529      0.024     22.291      0.000
    ENVIR_EXTR         0.326      0.026     12.571      0.000
    AFFIRM_EXT         0.338      0.025     13.538      0.000

 EFFE     WITH
    KN                 0.069      0.033      2.099      0.036

 EFFI     WITH
    KN                 0.609      0.038     16.235      0.000
    EFFE               0.129      0.036      3.580      0.000

 POL_INT  WITH
    KN                 0.489      0.028     17.589      0.000
    EFFE               0.129      0.028      4.676      0.000
    EFFI               0.791      0.024     33.228      0.000

 POP      WITH
    KN                -0.212      0.038     -5.611      0.000
    EFFE              -0.619      0.021    -29.483      0.000
    EFFI              -0.207      0.033     -6.219      0.000
    POL_INT           -0.131      0.024     -5.359      0.000

 EXT      WITH
    KN                 0.080      0.037      2.173      0.030
    EFFE              -0.094      0.028     -3.293      0.001
    EFFI               0.237      0.036      6.656      0.000
    POL_INT            0.187      0.027      6.933      0.000
    POP                0.135      0.025      5.330      0.000

 V162216  WITH
    V162217            0.370      0.032     11.594      0.000

 V162259  WITH
    V162267            0.192      0.016     11.925      0.000

 V162260  WITH
    V162264           -0.102      0.027     -3.755      0.000

 V162262  WITH
    V162265            0.064      0.025      2.605      0.009

 Intercepts
    SPENDING_E         1.290      0.040     32.648      0.000
    DEFENCE_EX         1.250      0.038     33.167      0.000
    MEDICAL_EX         1.524      0.038     40.148      0.000
    GARANT_INC         1.406      0.038     37.233      0.000
    BLACKS_EXT         1.422      0.043     33.214      0.000
    ENVIR_EXTR         1.509      0.035     43.170      0.000
    AFFIRM_EXT         1.191      0.045     26.399      0.000
    V162259            1.801      0.039     45.729      0.000
    V162260            2.117      0.040     52.504      0.000
    V162262            2.114      0.039     53.767      0.000
    V162264            2.199      0.038     58.023      0.000
    V162265            2.489      0.033     74.316      0.000
    V162267            1.379      0.041     33.894      0.000
    V162256            2.098      0.034     62.600      0.000
    V162257            2.135      0.037     56.964      0.000
    V162215            2.226      0.057     38.768      0.000
    V162216            2.202      0.051     43.487      0.000
    V162217            3.034      0.051     59.053      0.000
    V162218            2.171      0.043     50.930      0.000

 Thresholds
    V161513$1          0.217      0.038      5.715      0.000
    V161514$1          0.616      0.030     20.609      0.000
    V161515$1         -0.590      0.026    -22.634      0.000
    V161516$1         -0.441      0.025    -17.569      0.000

 Variances
    KN                 1.000      0.000    999.000    999.000
    EFFE               1.000      0.000    999.000    999.000
    EFFI               1.000      0.000    999.000    999.000
    POL_INT            1.000      0.000    999.000    999.000
    POP                1.000      0.000    999.000    999.000
    EXT                1.000      0.000    999.000    999.000

 Residual Variances
    SPENDING_E         0.681      0.028     24.340      0.000
    DEFENCE_EX         0.827      0.020     40.504      0.000
    MEDICAL_EX         0.710      0.026     26.877      0.000
    GARANT_INC         0.659      0.027     24.313      0.000
    BLACKS_EXT         0.720      0.025     28.620      0.000
    ENVIR_EXTR         0.894      0.017     52.954      0.000
    AFFIRM_EXT         0.886      0.017     52.424      0.000
    V162259            0.828      0.015     54.122      0.000
    V162260            0.435      0.025     17.751      0.000
    V162262            0.661      0.023     29.288      0.000
    V162264            0.839      0.017     49.474      0.000
    V162265            0.601      0.023     25.724      0.000
    V162267            0.949      0.010     93.572      0.000
    V161513            0.639      0.044     14.644      0.000
    V161514            0.762      0.035     21.661      0.000
    V161515            0.684      0.037     18.652      0.000
    V161516            0.761      0.032     24.146      0.000
    V162256            0.261      0.022     11.761      0.000
    V162257            0.306      0.021     14.656      0.000
    V162215            0.451      0.030     15.200      0.000
    V162216            0.452      0.027     16.898      0.000
    V162217            0.735      0.020     36.728      0.000
    V162218            0.677      0.021     31.937      0.000


STD Standardization

                                                    Two-Tailed
                    Estimate       S.E.  Est./S.E.    P-Value

 KN       BY
    V161513            0.751      0.071     10.562      0.000
    V161514            0.559      0.054     10.318      0.000
    V161515            0.679      0.058     11.782      0.000
    V161516            0.560      0.049     11.533      0.000

 EFFE     BY
    V162215            0.802      0.033     24.151      0.000
    V162216            0.911      0.034     26.519      0.000

 EFFI     BY
    V162217            0.538      0.025     21.596      0.000
    V162218            0.544      0.022     25.259      0.000

 POL_INT  BY
    V162256            0.741      0.019     39.662      0.000
    V162257            0.686      0.019     37.034      0.000

 POP      BY
    V162259            0.457      0.025     17.991      0.000
    V162260            0.820      0.029     28.301      0.000
    V162262            0.621      0.027     22.642      0.000
    V162264            0.452      0.028     15.986      0.000
    V162265            0.657      0.026     25.634      0.000
    V162267            0.270      0.029      9.387      0.000

 EXT      BY
    SPENDING_E         0.598      0.034     17.673      0.000
    DEFENCE_EX         0.438      0.031     13.971      0.000
    MEDICAL_EX         0.608      0.038     16.167      0.000
    GARANT_INC         0.625      0.037     17.133      0.000
    BLACKS_EXT         0.606      0.039     15.491      0.000
    ENVIR_EXTR         0.362      0.033     10.959      0.000
    AFFIRM_EXT         0.437      0.042     10.338      0.000

 EFFE     WITH
    KN                 0.069      0.033      2.099      0.036

 EFFI     WITH
    KN                 0.609      0.038     16.235      0.000
    EFFE               0.129      0.036      3.580      0.000

 POL_INT  WITH
    KN                 0.489      0.028     17.589      0.000
    EFFE               0.129      0.028      4.676      0.000
    EFFI               0.791      0.024     33.228      0.000

 POP      WITH
    KN                -0.212      0.038     -5.611      0.000
    EFFE              -0.619      0.021    -29.483      0.000
    EFFI              -0.207      0.033     -6.219      0.000
    POL_INT           -0.131      0.024     -5.359      0.000

 EXT      WITH
    KN                 0.080      0.037      2.173      0.030
    EFFE              -0.094      0.028     -3.293      0.001
    EFFI               0.237      0.036      6.656      0.000
    POL_INT            0.187      0.027      6.933      0.000
    POP                0.135      0.025      5.330      0.000

 V162216  WITH
    V162217            0.275      0.024     11.243      0.000

 V162259  WITH
    V162267            0.224      0.021     10.909      0.000

 V162260  WITH
    V162264           -0.076      0.019     -3.992      0.000

 V162262  WITH
    V162265            0.045      0.018      2.472      0.013

 Intercepts
    SPENDING_E         1.366      0.024     56.239      0.000
    DEFENCE_EX         1.315      0.024     55.944      0.000
    MEDICAL_EX         1.719      0.030     57.492      0.000
    GARANT_INC         1.505      0.022     68.217      0.000
    BLACKS_EXT         1.626      0.025     65.646      0.000
    ENVIR_EXTR         1.677      0.027     62.697      0.000
    AFFIRM_EXT         1.541      0.028     55.365      0.000
    V162259            1.987      0.027     73.313      0.000
    V162260            2.311      0.021    110.498      0.000
    V162262            2.256      0.023     96.236      0.000
    V162264            2.475      0.024    101.790      0.000
    V162265            2.588      0.023    111.493      0.000
    V162267            1.647      0.028     59.479      0.000
    V162256            1.807      0.019     94.317      0.000
    V162257            1.757      0.016    107.593      0.000
    V162215            2.408      0.024    101.445      0.000
    V162216            2.712      0.025    110.278      0.000
    V162217            3.174      0.022    146.301      0.000
    V162218            2.078      0.021     99.001      0.000

 Thresholds
    V161513$1          0.271      0.050      5.415      0.000
    V161514$1          0.706      0.039     17.929      0.000
    V161515$1         -0.713      0.035    -20.416      0.000
    V161516$1         -0.505      0.029    -17.579      0.000

 Variances
    KN                 1.000      0.000    999.000    999.000
    EFFE               1.000      0.000    999.000    999.000
    EFFI               1.000      0.000    999.000    999.000
    POL_INT            1.000      0.000    999.000    999.000
    POP                1.000      0.000    999.000    999.000
    EXT                1.000      0.000    999.000    999.000

 Residual Variances
    SPENDING_E         0.763      0.036     21.210      0.000
    DEFENCE_EX         0.915      0.038     23.962      0.000
    MEDICAL_EX         0.903      0.042     21.426      0.000
    GARANT_INC         0.756      0.032     23.810      0.000
    BLACKS_EXT         0.942      0.042     22.204      0.000
    ENVIR_EXTR         1.105      0.050     22.043      0.000
    AFFIRM_EXT         1.482      0.096     15.389      0.000
    V162259            1.009      0.035     28.635      0.000
    V162260            0.519      0.026     20.016      0.000
    V162262            0.753      0.027     27.417      0.000
    V162264            1.063      0.037     28.769      0.000
    V162265            0.649      0.025     25.498      0.000
    V162267            1.354      0.052     25.866      0.000
    V161513            1.000      0.000    999.000    999.000
    V161514            1.000      0.000    999.000    999.000
    V161515            1.000      0.000    999.000    999.000
    V161516            1.000      0.000    999.000    999.000
    V162256            0.193      0.015     12.559      0.000
    V162257            0.207      0.013     15.835      0.000
    V162215            0.527      0.029     18.185      0.000
    V162216            0.686      0.037     18.707      0.000
    V162217            0.804      0.028     29.074      0.000
    V162218            0.621      0.022     28.802      0.000


R-SQUARE

    Observed                                        Two-Tailed     Scale
    Variable        Estimate       S.E.  Est./S.E.    P-Value     Factors

    SPENDING           0.319      0.028     11.410      0.000
    DEFENCE_           0.173      0.020      8.481      0.000
    MEDICAL_           0.290      0.026     10.995      0.000
    GARANT_I           0.341      0.027     12.583      0.000
    BLACKS_E           0.280      0.025     11.145      0.000
    ENVIR_EX           0.106      0.017      6.285      0.000
    AFFIRM_E           0.114      0.017      6.769      0.000
    V162259            0.172      0.015     11.218      0.000
    V162260            0.565      0.025     23.029      0.000
    V162262            0.339      0.023     15.018      0.000
    V162264            0.161      0.017      9.516      0.000
    V162265            0.399      0.023     17.110      0.000
    V162267            0.051      0.010      5.055      0.000
    V161513            0.361      0.044      8.260      0.000      0.800
    V161514            0.238      0.035      6.772      0.000      0.873
    V161515            0.316      0.037      8.611      0.000      0.827
    V161516            0.239      0.032      7.576      0.000      0.872
    V162256            0.739      0.022     33.375      0.000
    V162257            0.694      0.021     33.285      0.000
    V162215            0.549      0.030     18.531      0.000
    V162216            0.548      0.027     20.467      0.000
    V162217            0.265      0.020     13.233      0.000
    V162218            0.323      0.021     15.212      0.000


QUALITY OF NUMERICAL RESULTS

     Condition Number for the Information Matrix              0.585E-03
       (ratio of smallest to largest eigenvalue)


MODEL MODIFICATION INDICES

NOTE:  Modification indices for direct effects of observed dependent variables
regressed on covariates and residual covariances among observed dependent
variables may not be included.  To include these, request MODINDICES (ALL).

Minimum M.I. value for printing the modification index    10.000

                                   M.I.     E.P.C.  Std E.P.C.  StdYX E.P.C.

BY Statements

KN       BY DEFENCE_              13.973    -0.129     -0.097       -0.092
KN       BY MEDICAL_              23.095     0.184      0.139        0.123
KN       BY BLACKS_E              38.252    -0.233     -0.175       -0.153
KN       BY ENVIR_EX              11.513     0.122      0.092        0.082
KN       BY AFFIRM_E              28.748     0.215      0.161        0.125
KN       BY V162259               66.735    -0.294     -0.221       -0.200
KN       BY V162260               37.699     0.251      0.188        0.173
KN       BY V162267               84.043    -0.334     -0.251       -0.210
KN       BY V162215               21.982    -0.220     -0.165       -0.153
KN       BY V162216               21.999     0.250      0.188        0.153
KN       BY V162217               22.584     0.443      0.333        0.318
KN       BY V162218               22.566    -0.448     -0.336       -0.351
EFFE     BY DEFENCE_              25.417    -0.133     -0.106       -0.101
EFFE     BY BLACKS_E              17.178    -0.122     -0.098       -0.085
EFFE     BY V162259               17.055     0.258      0.207        0.187
EFFE     BY V162264               12.673     0.223      0.179        0.159
EFFE     BY V162265               23.931    -0.374     -0.300       -0.289
EFFE     BY V161514              100.109     0.390      0.313        0.273
EFFE     BY V161515               19.559    -0.197     -0.158       -0.131
EFFE     BY V161516               17.395    -0.163     -0.131       -0.114
EFFE     BY V162217              192.946     0.502      0.402        0.385
EFFE     BY V162218              192.935    -0.507     -0.406       -0.425
EFFI     BY DEFENCE_              10.492    -0.136     -0.073       -0.070
EFFI     BY MEDICAL_              17.953     0.199      0.107        0.095
EFFI     BY BLACKS_E              43.033    -0.305     -0.164       -0.144
EFFI     BY ENVIR_EX              10.689     0.145      0.078        0.070
EFFI     BY AFFIRM_E              39.149     0.310      0.167        0.129
EFFI     BY V162259               30.615    -0.227     -0.122       -0.111
EFFI     BY V162260               28.436     0.243      0.131        0.120
EFFI     BY V162267               60.502    -0.314     -0.169       -0.142
EFFI     BY V162215               21.461    -0.259     -0.139       -0.129
EFFI     BY V162216               21.470     0.294      0.158        0.129
POL_INT  BY MEDICAL_              13.635     0.119      0.088        0.078
POL_INT  BY BLACKS_E              38.480    -0.203     -0.151       -0.132
POL_INT  BY AFFIRM_E              41.119     0.222      0.164        0.127
POL_INT  BY V162259               26.589    -0.148     -0.109       -0.099
POL_INT  BY V162260               20.666     0.143      0.106        0.097
POL_INT  BY V162267               54.599    -0.203     -0.150       -0.126
POL_INT  BY V162215               25.396    -0.191     -0.141       -0.131
POL_INT  BY V162216               25.404     0.217      0.161        0.130
POL_INT  BY V162217               56.669    -1.289     -0.955       -0.913
POL_INT  BY V162218               56.712     1.302      0.964        1.008
POP      BY DEFENCE_              42.288     0.267      0.122        0.116
POP      BY MEDICAL_              11.846    -0.164     -0.075       -0.067
POP      BY BLACKS_E              18.832     0.197      0.090        0.079
POP      BY V161514              125.454    -0.723     -0.331       -0.288
POP      BY V161515               24.656     0.373      0.170        0.141
POP      BY V161516               20.518     0.297      0.136        0.118
POP      BY V162217              233.739    -0.818     -0.374       -0.357
POP      BY V162218              233.733     0.826      0.378        0.394
EXT      BY V161514               32.340    -0.322     -0.193       -0.168
EXT      BY V162217               65.395    -0.390     -0.233       -0.223
EXT      BY V162218               65.409     0.394      0.236        0.246

WITH Statements

V162259  WITH DEFENCE_            22.552     0.126      0.126        0.131
V162259  WITH GARANT_I            14.211     0.106      0.106        0.122
V162265  WITH GARANT_I            10.090    -0.086     -0.086       -0.123
V162265  WITH V162259             13.326    -0.119     -0.119       -0.147
V162267  WITH DEFENCE_            14.274     0.127      0.127        0.114
V162267  WITH ENVIR_EX            15.455    -0.144     -0.144       -0.118
V162267  WITH V162265             18.709    -0.141     -0.141       -0.150
V161513  WITH V162259             13.896    -0.165     -0.165       -0.164
V161513  WITH V162267             12.952    -0.165     -0.165       -0.142
V161514  WITH DEFENCE_            16.261    -0.165     -0.165       -0.172
V161514  WITH BLACKS_E            10.043    -0.150     -0.150       -0.154
V161514  WITH V162259             38.845    -0.239     -0.239       -0.238
V161514  WITH V162262             21.743    -0.167     -0.167       -0.193
V161514  WITH V162264             15.792    -0.150     -0.150       -0.145
V161514  WITH V162267             27.409    -0.231     -0.231       -0.198
V161515  WITH V162260             14.361     0.186      0.186        0.259
V161516  WITH V161515             24.632     0.324      0.324        0.324
V162256  WITH AFFIRM_E            10.956     0.102      0.102        0.191
V162256  WITH V162267             19.967    -0.112     -0.112       -0.220
V162257  WITH AFFIRM_E            15.322     0.107      0.107        0.193
V162215  WITH V162259             10.934     0.105      0.105        0.144
V162215  WITH V162265             13.584    -0.147     -0.147       -0.251
V162215  WITH V161515             11.410    -0.146     -0.146       -0.202
V162216  WITH V161514             13.032     0.168      0.168        0.203
V162216  WITH V162256             11.874     0.102      0.102        0.280
V162217  WITH BLACKS_E            13.027    -0.109     -0.109       -0.125
V162217  WITH V162259             47.892    -0.202     -0.202       -0.224
V162217  WITH V162260             10.294    -0.099     -0.099       -0.154
V162217  WITH V162262             30.282    -0.155     -0.155       -0.200
V162217  WITH V162265             23.855    -0.137     -0.137       -0.190
V162217  WITH V162267             24.836    -0.156     -0.156       -0.149
V162217  WITH V162215             36.765     0.185      0.185        0.285
V162218  WITH V162260             51.074     0.170      0.170        0.300
V162218  WITH V162262             22.818     0.110      0.110        0.161
V162218  WITH V162257             13.574     0.113      0.113        0.315
V162218  WITH V162215             27.869    -0.157     -0.157       -0.274


PLOT INFORMATION

The following plots are available:

  Sample proportions and estimated probabilities
  Item characteristic curves
  Information curves

     Beginning Time:  12:00:12
        Ending Time:  12:00:13
       Elapsed Time:  00:00:01



MUTHEN & MUTHEN
3463 Stoner Ave.
Los Angeles, CA  90066

Tel: (310) 391-9971
Fax: (310) 391-8971
Web: www.StatModel.com
Support: Support@StatModel.com

Copyright (c) 1998-2019 Muthen & Muthen
