Mplus VERSION 8.4 (Mac)
MUTHEN & MUTHEN
02/03/2024  11:23 PM

INPUT INSTRUCTIONS

  TITLE:
  BASE 3;
  DATA:
  FILE = "cfa_measurament_full.dat";

  VARIABLE:
  NAMES = spending_extr defence_extr medical_extr garant_inc_extr blacks_extr
       envir_extr affirm_extr V161513 V161514 V161515 V161516 V162259 V162260 V162262
       V162264 V162265 V162267 V162256 V162257 V162215 V162216 V162217 V162218 V160102
       V160201;
   MISSING=.;
   USEVARIABLES = spending_extr
  defence_extr medical_extr
  garant_inc_extr blacks_extr
  envir_extr affirm_extr
  V161513 V161514 V161515
  V161516 V162259 V162260
  V162262 V162264 V162265
  V162267 V162256 V162257
  V162215 V162216 V162217
  V162218 V160102 V160201 ;
  CATEGORICAL = V161513 V161514 V161515 V161516;
  CLUSTER = V160201;
  WEIGHT=V160102;
  ANALYSIS:
  TYPE = COMPLEX;
               PARAMETERIZATION=THETA;
               PROCESSORS = 2;


  MODEL:


    KN BY V161513;
    KN BY V161514;
    KN BY V161515;
    KN BY V161516;

    ! IRT parametrization (intercept fixed to 1)
    V161513@1;
    V161514@1;
    V161515@1;
    V161516@1;

    ! allow residuals correlation
    ! to improve measurement model
    V162259 WITH V162267;
    V162260 WITH V162264;
    V162262 WITH V162265;

    EFFE BY V162215;
    EFFE BY V162216;

    EFFI BY V162217;
    EFFI BY V162218;

    pol_int BY V162256;
    pol_int BY V162257;

    ! allow residuals correlation
    ! to improve measurement model
    V162217  WITH V162216;
    ! equal variance to avoid convergence issues
    V162215 (v1);
    V162216 (v1);

    pop BY V162259;
    pop BY V162260;
    pop BY V162262;
    pop BY V162264;
    pop BY V162265;
    pop BY V162267;

    V162259 WITH V162267;
    V162260 WITH V162264;
    V162262 WITH V162265;

    EXT BY spending_extr;
    EXT BY defence_extr;
    EXT BY medical_extr;
    EXT BY garant_inc_extr;
    EXT BY blacks_extr;
    EXT BY envir_extr;
    EXT BY affirm_extr;


  OUTPUT:
  STANDARDIZED; FSCOEFFICIENT; MODINDICES;
  SAVEDATA:

    FILE IS measurement_fscores.dat;
    SAVE IS fscores;
    FORMAT IS free;



*** WARNING in VARIABLE command
  Note that only the first 8 characters of variable names are used in the output.
  Shorten variable names to avoid any confusion.
*** WARNING in OUTPUT command
  FSCOEFFICIENT is not available for analysis with at least one categorical
  dependent variable.  Request for FSCOEFFICIENT is ignored.
*** WARNING
  Data set contains cases with missing on all variables.
  These cases were not included in the analysis.
  Number of cases with missing on all variables:  3
   3 WARNING(S) FOUND IN THE INPUT INSTRUCTIONS




BASE 3;

SUMMARY OF ANALYSIS

Number of groups                                                 1
Number of observations                                        4267

Number of dependent variables                                   23
Number of independent variables                                  0
Number of continuous latent variables                            6

Observed dependent variables

  Continuous
   SPENDING_E  DEFENCE_EX  MEDICAL_EX  GARANT_INC  BLACKS_EXT  ENVIR_EXTR
   AFFIRM_EXT  V162259     V162260     V162262     V162264     V162265
   V162267     V162256     V162257     V162215     V162216     V162217
   V162218

  Binary and ordered categorical (ordinal)
   V161513     V161514     V161515     V161516

Continuous latent variables
   KN          EFFE        EFFI        POL_INT     POP         EXT

Variables with special functions

  Cluster variable      V160201
  Weight variable       V160102

Estimator                                                    WLSMV
Maximum number of iterations                                  1000
Convergence criterion                                    0.500D-04
Maximum number of steepest descent iterations                   20
Maximum number of iterations for H1                           2000
Convergence criterion for H1                             0.100D-03
Parameterization                                             THETA
Link                                                        PROBIT

Input data file(s)
  cfa_measurament_full.dat

Input data format  FREE


SUMMARY OF DATA

     Number of missing data patterns           310
     Number of clusters                        132



COVARIANCE COVERAGE OF DATA

Minimum covariance coverage value   0.100


     PROPORTION OF DATA PRESENT


           Covariance Coverage
              SPENDING      DEFENCE_      MEDICAL_      GARANT_I      BLACKS_E
              ________      ________      ________      ________      ________
 SPENDING       0.850
 DEFENCE_       0.787         0.863
 MEDICAL_       0.789         0.802         0.882
 GARANT_I       0.795         0.804         0.820         0.884
 BLACKS_E       0.786         0.795         0.812         0.819         0.880
 ENVIR_EX       0.753         0.767         0.781         0.782         0.776
 AFFIRM_E       0.842         0.856         0.876         0.877         0.873
 V161513        0.819         0.830         0.847         0.851         0.845
 V161514        0.830         0.842         0.861         0.864         0.860
 V161515        0.820         0.831         0.850         0.852         0.847
 V161516        0.819         0.830         0.849         0.851         0.846
 V162259        0.730         0.739         0.755         0.759         0.755
 V162260        0.732         0.741         0.757         0.760         0.756
 V162262        0.732         0.741         0.757         0.760         0.757
 V162264        0.731         0.740         0.755         0.760         0.756
 V162265        0.733         0.741         0.757         0.760         0.757
 V162267        0.730         0.739         0.753         0.758         0.754
 V162256        0.733         0.742         0.757         0.762         0.757
 V162257        0.733         0.742         0.757         0.761         0.757
 V162215        0.733         0.742         0.758         0.761         0.757
 V162216        0.732         0.741         0.757         0.761         0.757
 V162217        0.732         0.742         0.757         0.761         0.757
 V162218        0.733         0.742         0.758         0.762         0.757


           Covariance Coverage
              ENVIR_EX      AFFIRM_E      V161513       V161514       V161515
              ________      ________      ________      ________      ________
 ENVIR_EX       0.831
 AFFIRM_E       0.825         0.989
 V161513        0.800         0.946         0.954
 V161514        0.813         0.964         0.948         0.972
 V161515        0.803         0.950         0.946         0.951         0.958
 V161516        0.802         0.948         0.945         0.950         0.954
 V162259        0.711         0.841         0.819         0.834         0.823
 V162260        0.713         0.843         0.821         0.836         0.825
 V162262        0.713         0.843         0.821         0.836         0.825
 V162264        0.712         0.842         0.820         0.835         0.824
 V162265        0.713         0.843         0.822         0.837         0.826
 V162267        0.711         0.841         0.819         0.833         0.822
 V162256        0.714         0.844         0.823         0.838         0.827
 V162257        0.714         0.844         0.823         0.838         0.826
 V162215        0.714         0.844         0.823         0.837         0.826
 V162216        0.713         0.844         0.822         0.837         0.825
 V162217        0.713         0.843         0.823         0.837         0.826
 V162218        0.714         0.844         0.823         0.837         0.826


           Covariance Coverage
              V161516       V162259       V162260       V162262       V162264
              ________      ________      ________      ________      ________
 V161516        0.956
 V162259        0.822         0.848
 V162260        0.824         0.847         0.851
 V162262        0.824         0.847         0.850         0.851
 V162264        0.823         0.847         0.848         0.848         0.849
 V162265        0.825         0.848         0.850         0.850         0.849
 V162267        0.822         0.845         0.846         0.846         0.846
 V162256        0.826         0.848         0.850         0.850         0.849
 V162257        0.826         0.848         0.850         0.850         0.849
 V162215        0.825         0.847         0.850         0.850         0.849
 V162216        0.825         0.847         0.849         0.849         0.848
 V162217        0.825         0.847         0.849         0.849         0.848
 V162218        0.826         0.847         0.850         0.849         0.849


           Covariance Coverage
              V162265       V162267       V162256       V162257       V162215
              ________      ________      ________      ________      ________
 V162265        0.851
 V162267        0.847         0.847
 V162256        0.851         0.847         0.853
 V162257        0.850         0.847         0.852         0.853
 V162215        0.850         0.847         0.850         0.850         0.852
 V162216        0.850         0.847         0.850         0.850         0.850
 V162217        0.850         0.846         0.850         0.850         0.850
 V162218        0.850         0.846         0.851         0.851         0.850


           Covariance Coverage
              V162216       V162217       V162218
              ________      ________      ________
 V162216        0.851
 V162217        0.850         0.851
 V162218        0.850         0.851         0.852


UNIVARIATE PROPORTIONS AND COUNTS FOR CATEGORICAL VARIABLES

    V161513
      Category 1    0.586         2419.598
      Category 2    0.414         1710.028
    V161514
      Category 1    0.731         3069.602
      Category 2    0.269         1129.350
    V161515
      Category 1    0.278         1151.279
      Category 2    0.722         2996.469
    V161516
      Category 1    0.330         1366.854
      Category 2    0.670         2778.838



UNIVARIATE SAMPLE STATISTICS


     UNIVARIATE HIGHER-ORDER MOMENT DESCRIPTIVE STATISTICS

         Variable/         Mean/     Skewness/   Minimum/ % with                Percentiles
        Sample Size      Variance    Kurtosis    Maximum  Min/Max      20%/60%    40%/80%    Median

     SPENDING_EXTR         1.366       0.224       0.000   25.03%       0.000      1.000      1.000
            3627.000       1.121      -1.165       3.000   18.56%       2.000      2.000
     DEFENCE_EXTR          1.315       0.258       0.000   27.37%       0.000      1.000      1.000
            3683.000       1.106      -1.135       3.000   17.21%       2.000      2.000
     MEDICAL_EXTR          1.719      -0.244       0.000   19.79%       1.000      1.000      2.000
            3765.000       1.272      -1.346       3.000   33.57%       2.000      3.000
     GARANT_INC_EXTR       1.505       0.050       0.000   21.84%       0.000      1.000      1.000
            3773.000       1.147      -1.249       3.000   22.93%       2.000      3.000
     BLACKS_EXTR           1.626      -0.152       0.000   23.29%       0.000      1.000      2.000
            3753.000       1.308      -1.400       3.000   29.52%       2.000      3.000
     ENVIR_EXTR            1.677      -0.187       0.000   18.72%       1.000      1.000      2.000
            3547.000       1.236      -1.328       3.000   30.45%       2.000      3.000
     AFFIRM_EXTR           1.541      -0.129       0.000   36.91%       0.000      1.000      2.000
            4221.000       1.673      -1.695       3.000   34.21%       2.000      3.000
     V162259               1.987      -0.176       0.000   13.18%       1.000      2.000      2.000
            3620.000       1.218      -0.731       4.000    6.60%       2.000      3.000
     V162260               2.311      -0.256       0.000    5.15%       1.000      2.000      2.000
            3631.000       1.192      -0.842       4.000   11.95%       3.000      3.000
     V162262               2.256      -0.232       0.000    6.58%       1.000      2.000      2.000
            3630.000       1.139      -0.564       4.000   10.91%       3.000      3.000
     V162264               2.475      -0.422       0.000    5.55%       1.000      2.000      3.000
            3624.000       1.267      -0.638       4.000   19.29%       3.000      3.000
     V162265               2.588      -0.566       0.000    3.66%       2.000      3.000      3.000
            3632.000       1.081      -0.360       4.000   16.80%       3.000      3.000
     V162267               1.647       0.183       0.000   22.40%       0.000      1.000      2.000
            3616.000       1.427      -0.906       4.000    6.91%       2.000      3.000
     V162256               1.807      -0.442       0.000    8.03%       1.000      2.000      2.000
            3638.000       0.742      -0.373       3.000   22.37%       2.000      3.000
     V162257               1.757      -0.222       0.000    6.29%       1.000      2.000      2.000
            3638.000       0.677      -0.492       3.000   18.99%       2.000      2.000
     V162215               2.408       0.508       1.000   21.00%       1.000      2.000      2.000
            3634.000       1.170      -0.466       5.000    3.58%       3.000      3.000
     V162216               2.712       0.240       1.000   17.04%       2.000      2.000      2.000
            3633.000       1.516      -1.054       5.000    8.29%       3.000      4.000
     V162217               3.174      -0.195       1.000    5.59%       2.000      3.000      3.000
            3633.000       1.094      -0.715       5.000    9.06%       4.000      4.000
     V162218               2.078       0.006       0.000    5.17%       1.000      2.000      2.000
            3635.000       0.916      -0.107       4.000    7.87%       2.000      3.000


THE MODEL ESTIMATION TERMINATED NORMALLY

     THE MODEL CONTAINS A NON-ZERO CORRELATION BETWEEN DEPENDENT VARIABLES.
     SUCH CORRELATIONS ARE IGNORED IN THE COMPUTATION OF THE FACTOR SCORES.



MODEL FIT INFORMATION

Number of Free Parameters                       83

Chi-Square Test of Model Fit

          Value                           1142.989*
          Degrees of Freedom                   212
          P-Value                           0.0000

*   The chi-square value for MLM, MLMV, MLR, ULSMV, WLSM and WLSMV cannot be used
    for chi-square difference testing in the regular way.  MLM, MLR and WLSM
    chi-square difference testing is described on the Mplus website.  MLMV, WLSMV,
    and ULSMV difference testing is done using the DIFFTEST option.

RMSEA (Root Mean Square Error Of Approximation)

          Estimate                           0.032
          90 Percent C.I.                    0.030  0.034
          Probability RMSEA <= .05           1.000

CFI/TLI

          CFI                                0.816
          TLI                                0.781

Chi-Square Test of Model Fit for the Baseline Model

          Value                           5322.169
          Degrees of Freedom                   253
          P-Value                           0.0000

SRMR (Standardized Root Mean Square Residual)

          Value                              0.051

Optimum Function Value for Weighted Least-Squares Estimator

          Value                     0.17192443D+00



MODEL RESULTS

                                                    Two-Tailed
                    Estimate       S.E.  Est./S.E.    P-Value

 KN       BY
    V161513            1.000      0.000    999.000    999.000
    V161514            0.745      0.103      7.261      0.000
    V161515            0.904      0.116      7.822      0.000
    V161516            0.745      0.099      7.563      0.000

 EFFE     BY
    V162215            1.000      0.000    999.000    999.000
    V162216            1.199      0.055     21.977      0.000

 EFFI     BY
    V162217            1.000      0.000    999.000    999.000
    V162218            1.010      0.063     15.971      0.000

 POL_INT  BY
    V162256            1.000      0.000    999.000    999.000
    V162257            0.926      0.034     27.234      0.000

 POP      BY
    V162259            1.000      0.000    999.000    999.000
    V162260            1.790      0.104     17.180      0.000
    V162262            1.356      0.089     15.273      0.000
    V162264            0.987      0.078     12.647      0.000
    V162265            1.432      0.096     14.868      0.000
    V162267            0.592      0.065      9.106      0.000

 EXT      BY
    SPENDING_E         1.000      0.000    999.000    999.000
    DEFENCE_EX         0.731      0.065     11.271      0.000
    MEDICAL_EX         1.016      0.079     12.897      0.000
    GARANT_INC         1.045      0.080     13.076      0.000
    BLACKS_EXT         1.012      0.078     12.945      0.000
    ENVIR_EXTR         0.605      0.058     10.454      0.000
    AFFIRM_EXT         0.731      0.084      8.678      0.000

 EFFE     WITH
    KN                 0.042      0.019      2.253      0.024

 EFFI     WITH
    KN                 0.246      0.029      8.452      0.000
    EFFE               0.054      0.015      3.537      0.000

 POL_INT  WITH
    KN                 0.272      0.029      9.284      0.000
    EFFE               0.076      0.015      4.905      0.000
    EFFI               0.315      0.019     16.668      0.000

 POP      WITH
    KN                -0.073      0.015     -4.915      0.000
    EFFE              -0.221      0.017    -12.834      0.000
    EFFI              -0.051      0.010     -5.255      0.000
    POL_INT           -0.045      0.009     -4.890      0.000

 EXT      WITH
    KN                 0.036      0.017      2.091      0.036
    EFFE              -0.043      0.013     -3.241      0.001
    EFFI               0.076      0.013      5.745      0.000
    POL_INT            0.083      0.013      6.245      0.000
    POP                0.037      0.008      4.732      0.000

 V162259  WITH
    V162267            0.224      0.021     10.896      0.000

 V162260  WITH
    V162264           -0.076      0.019     -3.992      0.000

 V162262  WITH
    V162265            0.046      0.018      2.513      0.012

 V162217  WITH
    V162216            0.273      0.025     11.118      0.000

 Intercepts
    SPENDING_E         1.366      0.024     56.239      0.000
    DEFENCE_EX         1.315      0.024     55.944      0.000
    MEDICAL_EX         1.719      0.030     57.492      0.000
    GARANT_INC         1.505      0.022     68.217      0.000
    BLACKS_EXT         1.626      0.025     65.646      0.000
    ENVIR_EXTR         1.677      0.027     62.697      0.000
    AFFIRM_EXT         1.541      0.028     55.365      0.000
    V162259            1.987      0.027     73.313      0.000
    V162260            2.311      0.021    110.498      0.000
    V162262            2.256      0.023     96.236      0.000
    V162264            2.475      0.024    101.790      0.000
    V162265            2.588      0.023    111.493      0.000
    V162267            1.647      0.028     59.479      0.000
    V162256            1.807      0.019     94.317      0.000
    V162257            1.757      0.016    107.593      0.000
    V162215            2.408      0.024    101.445      0.000
    V162216            2.712      0.025    110.278      0.000
    V162217            3.174      0.022    146.301      0.000
    V162218            2.078      0.021     99.001      0.000

 Thresholds
    V161513$1          0.271      0.050      5.416      0.000
    V161514$1          0.706      0.039     17.924      0.000
    V161515$1         -0.713      0.035    -20.419      0.000
    V161516$1         -0.505      0.029    -17.579      0.000

 Variances
    KN                 0.564      0.107      5.278      0.000
    EFFE               0.616      0.047     12.993      0.000
    EFFI               0.290      0.027     10.795      0.000
    POL_INT            0.548      0.028     19.829      0.000
    POP                0.210      0.023      9.007      0.000
    EXT                0.358      0.040      8.840      0.000

 Residual Variances
    SPENDING_E         0.763      0.036     21.213      0.000
    DEFENCE_EX         0.915      0.038     23.959      0.000
    MEDICAL_EX         0.903      0.042     21.426      0.000
    GARANT_INC         0.756      0.032     23.824      0.000
    BLACKS_EXT         0.941      0.042     22.192      0.000
    ENVIR_EXTR         1.105      0.050     22.047      0.000
    AFFIRM_EXT         1.482      0.096     15.387      0.000
    V161513            1.000      0.000    999.000    999.000
    V161514            1.000      0.000    999.000    999.000
    V161515            1.000      0.000    999.000    999.000
    V161516            1.000      0.000    999.000    999.000
    V162259            1.008      0.035     28.636      0.000
    V162260            0.520      0.026     20.047      0.000
    V162262            0.753      0.027     27.388      0.000
    V162264            1.063      0.037     28.788      0.000
    V162265            0.651      0.025     25.592      0.000
    V162267            1.353      0.052     25.868      0.000
    V162256            0.193      0.015     12.575      0.000
    V162257            0.207      0.013     15.824      0.000
    V162215            0.583      0.015     39.662      0.000
    V162216            0.583      0.015     39.662      0.000
    V162217            0.805      0.028     29.080      0.000
    V162218            0.620      0.022     28.797      0.000


STANDARDIZED MODEL RESULTS


STDYX Standardization

                                                    Two-Tailed
                    Estimate       S.E.  Est./S.E.    P-Value

 KN       BY
    V161513            0.601      0.036     16.515      0.000
    V161514            0.488      0.036     13.556      0.000
    V161515            0.562      0.033     17.214      0.000
    V161516            0.489      0.032     15.146      0.000

 EFFE     BY
    V162215            0.717      0.015     49.431      0.000
    V162216            0.777      0.011     71.928      0.000

 EFFI     BY
    V162217            0.515      0.019     26.456      0.000
    V162218            0.568      0.019     30.430      0.000

 POL_INT  BY
    V162256            0.860      0.013     66.770      0.000
    V162257            0.833      0.013     66.555      0.000

 POP      BY
    V162259            0.415      0.018     22.473      0.000
    V162260            0.751      0.016     45.992      0.000
    V162262            0.582      0.019     30.001      0.000
    V162264            0.402      0.021     19.024      0.000
    V162265            0.631      0.018     34.166      0.000
    V162267            0.227      0.022     10.137      0.000

 EXT      BY
    SPENDING_E         0.565      0.025     22.834      0.000
    DEFENCE_EX         0.416      0.025     16.965      0.000
    MEDICAL_EX         0.539      0.024     21.993      0.000
    GARANT_INC         0.584      0.023     25.168      0.000
    BLACKS_EXT         0.530      0.024     22.308      0.000
    ENVIR_EXTR         0.326      0.026     12.571      0.000
    AFFIRM_EXT         0.338      0.025     13.539      0.000

 EFFE     WITH
    KN                 0.071      0.033      2.168      0.030

 EFFI     WITH
    KN                 0.609      0.038     16.234      0.000
    EFFE               0.129      0.036      3.569      0.000

 POL_INT  WITH
    KN                 0.489      0.028     17.588      0.000
    EFFE               0.131      0.027      4.769      0.000
    EFFI               0.791      0.024     33.227      0.000

 POP      WITH
    KN                -0.212      0.038     -5.619      0.000
    EFFE              -0.614      0.021    -29.278      0.000
    EFFI              -0.207      0.033     -6.219      0.000
    POL_INT           -0.131      0.024     -5.361      0.000

 EXT      WITH
    KN                 0.080      0.037      2.172      0.030
    EFFE              -0.093      0.028     -3.276      0.001
    EFFI               0.237      0.036      6.657      0.000
    POL_INT            0.187      0.027      6.933      0.000
    POP                0.135      0.025      5.333      0.000

 V162259  WITH
    V162267            0.192      0.016     11.907      0.000

 V162260  WITH
    V162264           -0.102      0.027     -3.755      0.000

 V162262  WITH
    V162265            0.065      0.025      2.649      0.008

 V162217  WITH
    V162216            0.398      0.034     11.703      0.000

 Intercepts
    SPENDING_E         1.290      0.040     32.647      0.000
    DEFENCE_EX         1.250      0.038     33.165      0.000
    MEDICAL_EX         1.524      0.038     40.144      0.000
    GARANT_INC         1.406      0.038     37.235      0.000
    BLACKS_EXT         1.422      0.043     33.203      0.000
    ENVIR_EXTR         1.509      0.035     43.175      0.000
    AFFIRM_EXT         1.191      0.045     26.397      0.000
    V162259            1.801      0.039     45.730      0.000
    V162260            2.116      0.040     52.510      0.000
    V162262            2.114      0.039     53.766      0.000
    V162264            2.199      0.038     58.027      0.000
    V162265            2.489      0.033     74.321      0.000
    V162267            1.379      0.041     33.895      0.000
    V162256            2.098      0.034     62.601      0.000
    V162257            2.135      0.037     56.963      0.000
    V162215            2.199      0.057     38.453      0.000
    V162216            2.238      0.054     41.427      0.000
    V162217            3.034      0.051     59.055      0.000
    V162218            2.171      0.043     50.930      0.000

 Thresholds
    V161513$1          0.217      0.038      5.715      0.000
    V161514$1          0.616      0.030     20.607      0.000
    V161515$1         -0.590      0.026    -22.633      0.000
    V161516$1         -0.441      0.025    -17.568      0.000

 Variances
    KN                 1.000      0.000    999.000    999.000
    EFFE               1.000      0.000    999.000    999.000
    EFFI               1.000      0.000    999.000    999.000
    POL_INT            1.000      0.000    999.000    999.000
    POP                1.000      0.000    999.000    999.000
    EXT                1.000      0.000    999.000    999.000

 Residual Variances
    SPENDING_E         0.681      0.028     24.339      0.000
    DEFENCE_EX         0.827      0.020     40.511      0.000
    MEDICAL_EX         0.710      0.026     26.881      0.000
    GARANT_INC         0.659      0.027     24.319      0.000
    BLACKS_EXT         0.719      0.025     28.608      0.000
    ENVIR_EXTR         0.894      0.017     52.993      0.000
    AFFIRM_EXT         0.886      0.017     52.439      0.000
    V161513            0.639      0.044     14.628      0.000
    V161514            0.761      0.035     21.639      0.000
    V161515            0.684      0.037     18.668      0.000
    V161516            0.761      0.032     24.157      0.000
    V162259            0.828      0.015     53.964      0.000
    V162260            0.436      0.025     17.763      0.000
    V162262            0.661      0.023     29.276      0.000
    V162264            0.839      0.017     49.414      0.000
    V162265            0.602      0.023     25.834      0.000
    V162267            0.949      0.010     93.418      0.000
    V162256            0.261      0.022     11.773      0.000
    V162257            0.306      0.021     14.647      0.000
    V162215            0.486      0.021     23.393      0.000
    V162216            0.397      0.017     23.674      0.000
    V162217            0.735      0.020     36.741      0.000
    V162218            0.677      0.021     31.921      0.000


STDY Standardization

                                                    Two-Tailed
                    Estimate       S.E.  Est./S.E.    P-Value

 KN       BY
    V161513            0.601      0.036     16.515      0.000
    V161514            0.488      0.036     13.556      0.000
    V161515            0.562      0.033     17.214      0.000
    V161516            0.489      0.032     15.146      0.000

 EFFE     BY
    V162215            0.717      0.015     49.431      0.000
    V162216            0.777      0.011     71.928      0.000

 EFFI     BY
    V162217            0.515      0.019     26.456      0.000
    V162218            0.568      0.019     30.430      0.000

 POL_INT  BY
    V162256            0.860      0.013     66.770      0.000
    V162257            0.833      0.013     66.555      0.000

 POP      BY
    V162259            0.415      0.018     22.473      0.000
    V162260            0.751      0.016     45.992      0.000
    V162262            0.582      0.019     30.001      0.000
    V162264            0.402      0.021     19.024      0.000
    V162265            0.631      0.018     34.166      0.000
    V162267            0.227      0.022     10.137      0.000

 EXT      BY
    SPENDING_E         0.565      0.025     22.834      0.000
    DEFENCE_EX         0.416      0.025     16.965      0.000
    MEDICAL_EX         0.539      0.024     21.993      0.000
    GARANT_INC         0.584      0.023     25.168      0.000
    BLACKS_EXT         0.530      0.024     22.308      0.000
    ENVIR_EXTR         0.326      0.026     12.571      0.000
    AFFIRM_EXT         0.338      0.025     13.539      0.000

 EFFE     WITH
    KN                 0.071      0.033      2.168      0.030

 EFFI     WITH
    KN                 0.609      0.038     16.234      0.000
    EFFE               0.129      0.036      3.569      0.000

 POL_INT  WITH
    KN                 0.489      0.028     17.588      0.000
    EFFE               0.131      0.027      4.769      0.000
    EFFI               0.791      0.024     33.227      0.000

 POP      WITH
    KN                -0.212      0.038     -5.619      0.000
    EFFE              -0.614      0.021    -29.278      0.000
    EFFI              -0.207      0.033     -6.219      0.000
    POL_INT           -0.131      0.024     -5.361      0.000

 EXT      WITH
    KN                 0.080      0.037      2.172      0.030
    EFFE              -0.093      0.028     -3.276      0.001
    EFFI               0.237      0.036      6.657      0.000
    POL_INT            0.187      0.027      6.933      0.000
    POP                0.135      0.025      5.333      0.000

 V162259  WITH
    V162267            0.192      0.016     11.907      0.000

 V162260  WITH
    V162264           -0.102      0.027     -3.755      0.000

 V162262  WITH
    V162265            0.065      0.025      2.649      0.008

 V162217  WITH
    V162216            0.398      0.034     11.703      0.000

 Intercepts
    SPENDING_E         1.290      0.040     32.647      0.000
    DEFENCE_EX         1.250      0.038     33.165      0.000
    MEDICAL_EX         1.524      0.038     40.144      0.000
    GARANT_INC         1.406      0.038     37.235      0.000
    BLACKS_EXT         1.422      0.043     33.203      0.000
    ENVIR_EXTR         1.509      0.035     43.175      0.000
    AFFIRM_EXT         1.191      0.045     26.397      0.000
    V162259            1.801      0.039     45.730      0.000
    V162260            2.116      0.040     52.510      0.000
    V162262            2.114      0.039     53.766      0.000
    V162264            2.199      0.038     58.027      0.000
    V162265            2.489      0.033     74.321      0.000
    V162267            1.379      0.041     33.895      0.000
    V162256            2.098      0.034     62.601      0.000
    V162257            2.135      0.037     56.963      0.000
    V162215            2.199      0.057     38.453      0.000
    V162216            2.238      0.054     41.427      0.000
    V162217            3.034      0.051     59.055      0.000
    V162218            2.171      0.043     50.930      0.000

 Thresholds
    V161513$1          0.217      0.038      5.715      0.000
    V161514$1          0.616      0.030     20.607      0.000
    V161515$1         -0.590      0.026    -22.633      0.000
    V161516$1         -0.441      0.025    -17.568      0.000

 Variances
    KN                 1.000      0.000    999.000    999.000
    EFFE               1.000      0.000    999.000    999.000
    EFFI               1.000      0.000    999.000    999.000
    POL_INT            1.000      0.000    999.000    999.000
    POP                1.000      0.000    999.000    999.000
    EXT                1.000      0.000    999.000    999.000

 Residual Variances
    SPENDING_E         0.681      0.028     24.339      0.000
    DEFENCE_EX         0.827      0.020     40.511      0.000
    MEDICAL_EX         0.710      0.026     26.881      0.000
    GARANT_INC         0.659      0.027     24.319      0.000
    BLACKS_EXT         0.719      0.025     28.608      0.000
    ENVIR_EXTR         0.894      0.017     52.993      0.000
    AFFIRM_EXT         0.886      0.017     52.439      0.000
    V161513            0.639      0.044     14.628      0.000
    V161514            0.761      0.035     21.639      0.000
    V161515            0.684      0.037     18.668      0.000
    V161516            0.761      0.032     24.157      0.000
    V162259            0.828      0.015     53.964      0.000
    V162260            0.436      0.025     17.763      0.000
    V162262            0.661      0.023     29.276      0.000
    V162264            0.839      0.017     49.414      0.000
    V162265            0.602      0.023     25.834      0.000
    V162267            0.949      0.010     93.418      0.000
    V162256            0.261      0.022     11.773      0.000
    V162257            0.306      0.021     14.647      0.000
    V162215            0.486      0.021     23.393      0.000
    V162216            0.397      0.017     23.674      0.000
    V162217            0.735      0.020     36.741      0.000
    V162218            0.677      0.021     31.921      0.000


STD Standardization

                                                    Two-Tailed
                    Estimate       S.E.  Est./S.E.    P-Value

 KN       BY
    V161513            0.751      0.071     10.556      0.000
    V161514            0.560      0.054     10.323      0.000
    V161515            0.679      0.058     11.782      0.000
    V161516            0.560      0.049     11.531      0.000

 EFFE     BY
    V162215            0.785      0.030     25.987      0.000
    V162216            0.941      0.031     30.411      0.000

 EFFI     BY
    V162217            0.538      0.025     21.590      0.000
    V162218            0.544      0.022     25.262      0.000

 POL_INT  BY
    V162256            0.741      0.019     39.658      0.000
    V162257            0.686      0.019     37.033      0.000

 POP      BY
    V162259            0.458      0.025     18.014      0.000
    V162260            0.820      0.029     28.270      0.000
    V162262            0.621      0.027     22.630      0.000
    V162264            0.452      0.028     15.976      0.000
    V162265            0.656      0.026     25.597      0.000
    V162267            0.271      0.029      9.409      0.000

 EXT      BY
    SPENDING_E         0.598      0.034     17.680      0.000
    DEFENCE_EX         0.438      0.031     13.973      0.000
    MEDICAL_EX         0.608      0.038     16.168      0.000
    GARANT_INC         0.625      0.037     17.132      0.000
    BLACKS_EXT         0.606      0.039     15.498      0.000
    ENVIR_EXTR         0.362      0.033     10.959      0.000
    AFFIRM_EXT         0.437      0.042     10.338      0.000

 EFFE     WITH
    KN                 0.071      0.033      2.168      0.030

 EFFI     WITH
    KN                 0.609      0.038     16.234      0.000
    EFFE               0.129      0.036      3.569      0.000

 POL_INT  WITH
    KN                 0.489      0.028     17.588      0.000
    EFFE               0.131      0.027      4.769      0.000
    EFFI               0.791      0.024     33.227      0.000

 POP      WITH
    KN                -0.212      0.038     -5.619      0.000
    EFFE              -0.614      0.021    -29.278      0.000
    EFFI              -0.207      0.033     -6.219      0.000
    POL_INT           -0.131      0.024     -5.361      0.000

 EXT      WITH
    KN                 0.080      0.037      2.172      0.030
    EFFE              -0.093      0.028     -3.276      0.001
    EFFI               0.237      0.036      6.657      0.000
    POL_INT            0.187      0.027      6.933      0.000
    POP                0.135      0.025      5.333      0.000

 V162259  WITH
    V162267            0.224      0.021     10.896      0.000

 V162260  WITH
    V162264           -0.076      0.019     -3.992      0.000

 V162262  WITH
    V162265            0.046      0.018      2.513      0.012

 V162217  WITH
    V162216            0.273      0.025     11.118      0.000

 Intercepts
    SPENDING_E         1.366      0.024     56.239      0.000
    DEFENCE_EX         1.315      0.024     55.944      0.000
    MEDICAL_EX         1.719      0.030     57.492      0.000
    GARANT_INC         1.505      0.022     68.217      0.000
    BLACKS_EXT         1.626      0.025     65.646      0.000
    ENVIR_EXTR         1.677      0.027     62.697      0.000
    AFFIRM_EXT         1.541      0.028     55.365      0.000
    V162259            1.987      0.027     73.313      0.000
    V162260            2.311      0.021    110.498      0.000
    V162262            2.256      0.023     96.236      0.000
    V162264            2.475      0.024    101.790      0.000
    V162265            2.588      0.023    111.493      0.000
    V162267            1.647      0.028     59.479      0.000
    V162256            1.807      0.019     94.317      0.000
    V162257            1.757      0.016    107.593      0.000
    V162215            2.408      0.024    101.445      0.000
    V162216            2.712      0.025    110.278      0.000
    V162217            3.174      0.022    146.301      0.000
    V162218            2.078      0.021     99.001      0.000

 Thresholds
    V161513$1          0.271      0.050      5.416      0.000
    V161514$1          0.706      0.039     17.924      0.000
    V161515$1         -0.713      0.035    -20.419      0.000
    V161516$1         -0.505      0.029    -17.579      0.000

 Variances
    KN                 1.000      0.000    999.000    999.000
    EFFE               1.000      0.000    999.000    999.000
    EFFI               1.000      0.000    999.000    999.000
    POL_INT            1.000      0.000    999.000    999.000
    POP                1.000      0.000    999.000    999.000
    EXT                1.000      0.000    999.000    999.000

 Residual Variances
    SPENDING_E         0.763      0.036     21.213      0.000
    DEFENCE_EX         0.915      0.038     23.959      0.000
    MEDICAL_EX         0.903      0.042     21.426      0.000
    GARANT_INC         0.756      0.032     23.824      0.000
    BLACKS_EXT         0.941      0.042     22.192      0.000
    ENVIR_EXTR         1.105      0.050     22.047      0.000
    AFFIRM_EXT         1.482      0.096     15.387      0.000
    V161513            1.000      0.000    999.000    999.000
    V161514            1.000      0.000    999.000    999.000
    V161515            1.000      0.000    999.000    999.000
    V161516            1.000      0.000    999.000    999.000
    V162259            1.008      0.035     28.636      0.000
    V162260            0.520      0.026     20.047      0.000
    V162262            0.753      0.027     27.388      0.000
    V162264            1.063      0.037     28.788      0.000
    V162265            0.651      0.025     25.592      0.000
    V162267            1.353      0.052     25.868      0.000
    V162256            0.193      0.015     12.575      0.000
    V162257            0.207      0.013     15.824      0.000
    V162215            0.583      0.015     39.662      0.000
    V162216            0.583      0.015     39.662      0.000
    V162217            0.805      0.028     29.080      0.000
    V162218            0.620      0.022     28.797      0.000


R-SQUARE

    Observed                                        Two-Tailed     Scale
    Variable        Estimate       S.E.  Est./S.E.    P-Value     Factors

    SPENDING           0.319      0.028     11.417      0.000
    DEFENCE_           0.173      0.020      8.483      0.000
    MEDICAL_           0.290      0.026     10.997      0.000
    GARANT_I           0.341      0.027     12.584      0.000
    BLACKS_E           0.281      0.025     11.154      0.000
    ENVIR_EX           0.106      0.017      6.286      0.000
    AFFIRM_E           0.114      0.017      6.770      0.000
    V161513            0.361      0.044      8.258      0.000      0.799
    V161514            0.239      0.035      6.778      0.000      0.873
    V161515            0.316      0.037      8.607      0.000      0.827
    V161516            0.239      0.032      7.573      0.000      0.873
    V162259            0.172      0.015     11.237      0.000
    V162260            0.564      0.025     22.996      0.000
    V162262            0.339      0.023     15.001      0.000
    V162264            0.161      0.017      9.512      0.000
    V162265            0.398      0.023     17.083      0.000
    V162267            0.051      0.010      5.069      0.000
    V162256            0.739      0.022     33.385      0.000
    V162257            0.694      0.021     33.277      0.000
    V162215            0.514      0.021     24.715      0.000
    V162216            0.603      0.017     35.964      0.000
    V162217            0.265      0.020     13.228      0.000
    V162218            0.323      0.021     15.215      0.000


QUALITY OF NUMERICAL RESULTS

     Condition Number for the Information Matrix              0.588E-03
       (ratio of smallest to largest eigenvalue)


MODEL MODIFICATION INDICES

NOTE:  Modification indices for direct effects of observed dependent variables
regressed on covariates and residual covariances among observed dependent
variables may not be included.  To include these, request MODINDICES (ALL).

Minimum M.I. value for printing the modification index    10.000

                                   M.I.     E.P.C.  Std E.P.C.  StdYX E.P.C.

BY Statements

KN       BY DEFENCE_              14.022    -0.129     -0.097       -0.092
KN       BY MEDICAL_              23.151     0.184      0.139        0.123
KN       BY BLACKS_E              38.356    -0.233     -0.175       -0.153
KN       BY ENVIR_EX              11.549     0.122      0.092        0.082
KN       BY AFFIRM_E              28.784     0.215      0.161        0.125
KN       BY V162259               66.488    -0.294     -0.221       -0.200
KN       BY V162260               37.805     0.251      0.189        0.173
KN       BY V162267               83.944    -0.334     -0.251       -0.210
KN       BY V162215               17.599    -0.185     -0.139       -0.127
KN       BY V162216               17.602     0.222      0.167        0.138
KN       BY V162217               23.012     0.447      0.336        0.321
KN       BY V162218               22.982    -0.451     -0.339       -0.354
EFFE     BY DEFENCE_              25.128    -0.134     -0.105       -0.100
EFFE     BY BLACKS_E              17.299    -0.124     -0.098       -0.085
EFFE     BY V161514               99.000     0.397      0.311        0.272
EFFE     BY V161515               19.216    -0.200     -0.157       -0.130
EFFE     BY V161516               17.241    -0.165     -0.130       -0.113
EFFE     BY V162259               16.435     0.255      0.200        0.181
EFFE     BY V162264               12.672     0.224      0.176        0.156
EFFE     BY V162265               23.375    -0.371     -0.291       -0.280
EFFE     BY V162217              193.531     0.519      0.407        0.389
EFFE     BY V162218              193.542    -0.524     -0.412       -0.430
EFFI     BY DEFENCE_              10.505    -0.136     -0.073       -0.070
EFFI     BY MEDICAL_              17.991     0.199      0.107        0.095
EFFI     BY BLACKS_E              43.123    -0.306     -0.165       -0.144
EFFI     BY ENVIR_EX              10.726     0.146      0.078        0.070
EFFI     BY AFFIRM_E              39.215     0.310      0.167        0.129
EFFI     BY V162259               30.508    -0.227     -0.122       -0.111
EFFI     BY V162260               28.499     0.243      0.131        0.120
EFFI     BY V162267               60.438    -0.314     -0.169       -0.142
EFFI     BY V162215               17.869    -0.224     -0.121       -0.110
EFFI     BY V162216               17.872     0.269      0.145        0.119
POL_INT  BY MEDICAL_              13.671     0.119      0.088        0.078
POL_INT  BY BLACKS_E              38.590    -0.204     -0.151       -0.132
POL_INT  BY AFFIRM_E              41.172     0.222      0.164        0.127
POL_INT  BY V162259               26.459    -0.147     -0.109       -0.099
POL_INT  BY V162260               20.702     0.143      0.106        0.097
POL_INT  BY V162267               54.527    -0.203     -0.150       -0.126
POL_INT  BY V162215               22.321    -0.171     -0.127       -0.116
POL_INT  BY V162216               22.324     0.205      0.152        0.125
POL_INT  BY V162217               56.013    -1.281     -0.949       -0.907
POL_INT  BY V162218               56.062     1.295      0.959        1.002
POP      BY DEFENCE_              42.363     0.267      0.122        0.116
POP      BY MEDICAL_              11.895    -0.164     -0.075       -0.067
POP      BY BLACKS_E              18.915     0.197      0.090        0.079
POP      BY V161514              125.286    -0.722     -0.331       -0.289
POP      BY V161515               24.544     0.371      0.170        0.141
POP      BY V161516               20.527     0.297      0.136        0.119
POP      BY V162217              233.966    -0.818     -0.375       -0.358
POP      BY V162218              233.971     0.827      0.379        0.396
EXT      BY V161514               32.346    -0.322     -0.193       -0.168
EXT      BY V162217               65.298    -0.390     -0.233       -0.223
EXT      BY V162218               65.294     0.394      0.236        0.246

WITH Statements

V161514  WITH DEFENCE_            16.277    -0.165     -0.165       -0.172
V161514  WITH BLACKS_E            10.053    -0.150     -0.150       -0.154
V161516  WITH V161515             24.705     0.324      0.324        0.324
V162259  WITH DEFENCE_            22.546     0.126      0.126        0.131
V162259  WITH GARANT_I            14.195     0.106      0.106        0.122
V162259  WITH V161513             13.861    -0.164     -0.164       -0.164
V162259  WITH V161514             38.807    -0.239     -0.239       -0.238
V162260  WITH V161515             14.391     0.187      0.187        0.259
V162262  WITH V161514             21.720    -0.167     -0.167       -0.193
V162264  WITH V161514             15.774    -0.150     -0.150       -0.145
V162265  WITH GARANT_I            10.086    -0.086     -0.086       -0.122
V162265  WITH V162259             13.361    -0.119     -0.119       -0.147
V162267  WITH DEFENCE_            14.276     0.127      0.127        0.114
V162267  WITH ENVIR_EX            15.477    -0.144     -0.144       -0.118
V162267  WITH V161513             12.937    -0.165     -0.165       -0.142
V162267  WITH V161514             27.400    -0.231     -0.231       -0.198
V162267  WITH V162265             18.732    -0.141     -0.141       -0.150
V162256  WITH AFFIRM_E            10.969     0.102      0.102        0.191
V162256  WITH V162267             19.960    -0.112     -0.112       -0.220
V162257  WITH AFFIRM_E            15.339     0.107      0.107        0.193
V162215  WITH V161515             11.350    -0.145     -0.145       -0.190
V162215  WITH V162265             15.118    -0.148     -0.148       -0.241
V162216  WITH V161514             12.755     0.167      0.167        0.219
V162216  WITH V162256             10.717     0.097      0.097        0.290
V162217  WITH BLACKS_E            13.040    -0.109     -0.109       -0.125
V162217  WITH V162259             47.893    -0.202     -0.202       -0.224
V162217  WITH V162260             10.310    -0.099     -0.099       -0.154
V162217  WITH V162262             30.315    -0.155     -0.155       -0.200
V162217  WITH V162265             23.916    -0.138     -0.138       -0.190
V162217  WITH V162267             24.839    -0.156     -0.156       -0.149
V162217  WITH V162215             36.882     0.184      0.184        0.268
V162218  WITH V162260             51.128     0.170      0.170        0.300
V162218  WITH V162262             22.848     0.110      0.110        0.161
V162218  WITH V162257             13.540     0.113      0.113        0.315
V162218  WITH V162215             26.583    -0.152     -0.152       -0.252


SAMPLE STATISTICS FOR ESTIMATED FACTOR SCORES


     SAMPLE STATISTICS


           Means
              KN            KN_SE         EFFE          EFFE_SE       EFFI
              ________      ________      ________      ________      ________
                0.020         0.520         0.017         0.451         0.016


           Means
              EFFI_SE       POL_INT       POL_INT_      POP           POP_SE
              ________      ________      ________      ________      ________
                0.327         0.025         0.348        -0.019         0.254


           Means
              EXT           EXT_SE
              ________      ________
               -0.018         0.350


           Covariances
              KN            KN_SE         EFFE          EFFE_SE       EFFI
              ________      ________      ________      ________      ________
 KN             0.285
 KN_SE          0.001         0.001
 EFFE           0.053         0.000         0.402
 EFFE_SE       -0.004         0.003        -0.001         0.019
 EFFI           0.183         0.001         0.057        -0.002         0.181
 EFFI_SE       -0.002         0.002         0.000         0.009        -0.001
 POL_INT        0.231         0.001         0.069        -0.003         0.252
 POL_INT_      -0.004         0.003        -0.001         0.020        -0.003
 POP           -0.059         0.000        -0.182         0.001        -0.042
 POP_SE        -0.002         0.002        -0.001         0.011        -0.001
 EXT            0.035         0.000        -0.039        -0.001         0.063
 EXT_SE        -0.005         0.000        -0.001         0.001        -0.005


           Covariances
              EFFI_SE       POL_INT       POL_INT_      POP           POP_SE
              ________      ________      ________      ________      ________
 EFFI_SE        0.004
 POL_INT       -0.002         0.407
 POL_INT_       0.010        -0.003         0.021
 POP            0.001        -0.041         0.001         0.145
 POP_SE         0.005        -0.002         0.012         0.001         0.007
 EXT            0.000         0.075        -0.001         0.034        -0.001
 EXT_SE         0.000        -0.007         0.001         0.001         0.000


           Covariances
              EXT           EXT_SE
              ________      ________
 EXT            0.232
 EXT_SE        -0.002         0.002


           Correlations
              KN            KN_SE         EFFE          EFFE_SE       EFFI
              ________      ________      ________      ________      ________
 KN             1.000
 KN_SE          0.055         1.000
 EFFE           0.156         0.011         1.000
 EFFE_SE       -0.053         0.581        -0.010         1.000
 EFFI           0.806         0.037         0.211        -0.040         1.000
 EFFI_SE       -0.051         0.639        -0.010         0.990        -0.041
 POL_INT        0.679         0.023         0.170        -0.035         0.927
 POL_INT_      -0.052         0.601        -0.011         0.991        -0.042
 POP           -0.292        -0.014        -0.752         0.021        -0.261
 POP_SE        -0.053         0.586        -0.011         0.997        -0.041
 EXT            0.137         0.001        -0.126        -0.015         0.309
 EXT_SE        -0.234         0.135        -0.024         0.121        -0.251


           Correlations
              EFFI_SE       POL_INT       POL_INT_      POP           POP_SE
              ________      ________      ________      ________      ________
 EFFI_SE        1.000
 POL_INT       -0.036         1.000
 POL_INT_       0.998        -0.036         1.000
 POP            0.023        -0.167         0.024         1.000
 POP_SE         0.992        -0.035         0.994         0.023         1.000
 EXT           -0.015         0.244        -0.015         0.184        -0.014
 EXT_SE         0.129        -0.249         0.115         0.042         0.122


           Correlations
              EXT           EXT_SE
              ________      ________
 EXT            1.000
 EXT_SE        -0.089         1.000


SAVEDATA INFORMATION


  Save file
    measurement_fscores.dat

  Order of variables

    SPENDING
    DEFENCE_
    MEDICAL_
    GARANT_I
    BLACKS_E
    ENVIR_EX
    AFFIRM_E
    V161513
    V161514
    V161515
    V161516
    V162259
    V162260
    V162262
    V162264
    V162265
    V162267
    V162256
    V162257
    V162215
    V162216
    V162217
    V162218
    KN
    KN_SE
    EFFE
    EFFE_SE
    EFFI
    EFFI_SE
    POL_INT
    POL_INT_SE
    POP
    POP_SE
    EXT
    EXT_SE
    V160102
    V160201

  Save file format           Free

  Save file record length    10000


     Beginning Time:  23:23:41
        Ending Time:  23:23:42
       Elapsed Time:  00:00:01



MUTHEN & MUTHEN
3463 Stoner Ave.
Los Angeles, CA  90066

Tel: (310) 391-9971
Fax: (310) 391-8971
Web: www.StatModel.com
Support: Support@StatModel.com

Copyright (c) 1998-2019 Muthen & Muthen
